[debug] [2026-04-02T11:34:16.002Z] ----------------------------------------------------------------------
[debug] [2026-04-02T11:34:16.016Z] Command:       C:\Program Files\nodejs\node.exe C:\Users\vishn\AppData\Roaming\npm\node_modules\firebase-tools\lib\bin\firebase.js deploy
[debug] [2026-04-02T11:34:16.019Z] CLI Version:   15.11.0
[debug] [2026-04-02T11:34:16.019Z] Platform:      win32
[debug] [2026-04-02T11:34:16.020Z] Node Version:  v22.14.0
[debug] [2026-04-02T11:34:16.022Z] Time:          Thu Apr 02 2026 17:04:16 GMT+0530 (India Standard Time)
[debug] [2026-04-02T11:34:16.022Z] ----------------------------------------------------------------------
[debug] 
[debug] [2026-04-02T11:34:19.659Z] > command requires scopes: ["email","openid","https://www.googleapis.com/auth/cloudplatformprojects.readonly","https://www.googleapis.com/auth/firebase","https://www.googleapis.com/auth/cloud-platform"]
[debug] [2026-04-02T11:34:19.659Z] > authorizing via signed-in user (tejasjagadale25@gmail.com)
[debug] [2026-04-02T11:34:19.659Z] [iam] checking project greentech-industries for permissions ["firebase.projects.get","firebasehosting.sites.update"]
[debug] [2026-04-02T11:34:19.660Z] Checked if tokens are valid: true, expires at: 1775133240441
[debug] [2026-04-02T11:34:19.660Z] Checked if tokens are valid: true, expires at: 1775133240441
[debug] [2026-04-02T11:34:19.661Z] >>> [apiv2][query] POST https://cloudresourcemanager.googleapis.com/v1/projects/greentech-industries:testIamPermissions [none]
[debug] [2026-04-02T11:34:19.661Z] >>> [apiv2][(partial)header] POST https://cloudresourcemanager.googleapis.com/v1/projects/greentech-industries:testIamPermissions  x-goog-user-project=greentech-industries
[debug] [2026-04-02T11:34:19.662Z] >>> [apiv2][body] POST https://cloudresourcemanager.googleapis.com/v1/projects/greentech-industries:testIamPermissions {"permissions":["firebase.projects.get","firebasehosting.sites.update"]}
[debug] [2026-04-02T11:34:21.553Z] <<< [apiv2][status] POST https://cloudresourcemanager.googleapis.com/v1/projects/greentech-industries:testIamPermissions 403
[debug] [2026-04-02T11:34:21.554Z] <<< [apiv2][body] POST https://cloudresourcemanager.googleapis.com/v1/projects/greentech-industries:testIamPermissions {"error":{"code":403,"message":"Caller does not have required permission to use project greentech-industries. Grant the caller the roles/serviceusage.serviceUsageConsumer role, or a custom role with the serviceusage.services.use permission, by visiting https://console.developers.google.com/iam-admin/iam?project=greentech-industries and then retry. Propagation of the new permission may take a few minutes.","status":"PERMISSION_DENIED","details":[{"@type":"type.googleapis.com/google.rpc.ErrorInfo","reason":"USER_PROJECT_DENIED","domain":"googleapis.com","metadata":{"consumer":"projects/greentech-industries","consoleUrl":"https://console.developers.google.com/iam-admin/iam?project=greentech-industries","containerInfo":"greentech-industries","service":"cloudresourcemanager.googleapis.com"}},{"@type":"type.googleapis.com/google.rpc.LocalizedMessage","locale":"en-US","message":"Caller does not have required permission to use project greentech-industries. Grant the caller the roles/serviceusage.serviceUsageConsumer role, or a custom role with the serviceusage.services.use permission, by visiting https://console.developers.google.com/iam-admin/iam?project=greentech-industries and then retry. Propagation of the new permission may take a few minutes."},{"@type":"type.googleapis.com/google.rpc.Help","links":[{"description":"Google developer console IAM admin","url":"https://console.developers.google.com/iam-admin/iam?project=greentech-industries"}]}]}}
[debug] [2026-04-02T11:34:21.558Z] [iam] error while checking permissions, command may fail: Request to https://cloudresourcemanager.googleapis.com/v1/projects/greentech-industries:testIamPermissions had HTTP Error: 403, Caller does not have required permission to use project greentech-industries. Grant the caller the roles/serviceusage.serviceUsageConsumer role, or a custom role with the serviceusage.services.use permission, by visiting https://console.developers.google.com/iam-admin/iam?project=greentech-industries and then retry. Propagation of the new permission may take a few minutes.
[debug] [2026-04-02T11:34:21.561Z] Checked if tokens are valid: true, expires at: 1775133240441
[debug] [2026-04-02T11:34:21.561Z] Checked if tokens are valid: true, expires at: 1775133240441
[debug] [2026-04-02T11:34:21.562Z] >>> [apiv2][query] GET https://firebase.googleapis.com/v1beta1/projects/greentech-industries [none]
[debug] [2026-04-02T11:34:22.339Z] <<< [apiv2][status] GET https://firebase.googleapis.com/v1beta1/projects/greentech-industries 403
[debug] [2026-04-02T11:34:22.340Z] <<< [apiv2][body] GET https://firebase.googleapis.com/v1beta1/projects/greentech-industries {"error":{"code":403,"message":"The caller does not have permission","status":"PERMISSION_DENIED"}}
[debug] [2026-04-02T11:34:22.341Z] Request to https://firebase.googleapis.com/v1beta1/projects/greentech-industries had HTTP Error: 403, The caller does not have permission
[debug] [2026-04-02T11:34:22.544Z] FirebaseError: Request to https://firebase.googleapis.com/v1beta1/projects/greentech-industries had HTTP Error: 403, The caller does not have permission
    at responseToError (C:\Users\vishn\AppData\Roaming\npm\node_modules\firebase-tools\lib\responseToError.js:53:12)
    at RetryOperation._fn (C:\Users\vishn\AppData\Roaming\npm\node_modules\firebase-tools\lib\apiv2.js:333:77)
    at process.processTicksAndRejections (node:internal/process/task_queues:105:5)
[error] 
[error] Error: Failed to get Firebase project greentech-industries. Please make sure the project exists and your account has permission to access it.
